#
# A fatal error has been detected by the Java Runtime Environment:
#
#  EXCEPTION_ACCESS_VIOLATION (0xc0000005) at pc=0x779e87f1, pid=3832, tid=4028
#
# JRE version: 7.0_11-b21
# Java VM: Java HotSpot(TM) Client VM (23.6-b04 mixed mode windows-x86 )
# Problematic frame:
# C  [ntdll.dll+0x687f1]
#
# Failed to write core dump. Minidumps are not enabled by default on client versions of Windows
#
# If you would like to submit a bug report, please visit:
#   http://bugreport.sun.com/bugreport/crash.jsp
# The crash happened outside the Java Virtual Machine in native code.
# See problematic frame for where to report the bug.
#

---------------  T H R E A D  ---------------

Current thread (0x0f660c00):  JavaThread "Explorer NavigationContext request queue" daemon [_thread_in_native, id=4028, stack(0x20ea0000,0x20f20000)]

siginfo: ExceptionCode=0xc0000005, writing address 0x21e20000

Registers:
EAX=0x0000fb72, EBX=0x52747700, ECX=0x21e1fff8, EDX=0x21e1fffe
ESP=0x20f1f5a0, EBP=0x20f1f5e4, ESI=0x21ced3d0, EDI=0x03470c50
EIP=0x779e87f1, EFLAGS=0x00010202

Top of Stack: (sp=0x20f1f5a0)
0x20f1f5a0:   03470048 21ced3d0 21d22520 0002f6a8
0x20f1f5b0:   00000000 03470048 20f1f5f4 ffff0000
0x20f1f5c0:   00000018 21ced3d8 000000b0 03470048
0x20f1f5d0:   03470c50 00000017 01641676 01642c85
0x20f1f5e0:   21e200b0 20f1f66c 779adfa7 21d22520
0x20f1f5f0:   000000b8 0001fb72 034701a0 57328051
0x20f1f600:   035c0000 00000000 035c0234 ffffffff
0x20f1f610:   00000000 00000000 00000000 ffff0000 

Instructions: (pc=0x779e87f1)
0x779e87d1:   60 04 00 e9 c9 5d fc ff 8b 45 f0 01 45 10 8b 55
0x779e87e1:   fc 8b 45 0c 01 45 fc 66 8b 45 10 8b ca 83 c2 06
0x779e87f1:   66 89 41 08 8b 45 e8 c6 02 00 8b 40 24 8b d9 c1
0x779e8801:   eb 03 33 1d 4c 00 a6 77 c6 41 07 80 33 d8 33 de 


Register to memory mapping:

EAX=0x0000fb72 is an unknown value
EBX=0x52747700 is an unknown value
ECX=0x21e1fff8 is an unknown value
EDX=0x21e1fffe is an unknown value
ESP=0x20f1f5a0 is pointing into the stack for thread: 0x0f660c00
EBP=0x20f1f5e4 is pointing into the stack for thread: 0x0f660c00
ESI=0x21ced3d0 is an unknown value
EDI=0x03470c50 is an unknown value


Stack: [0x20ea0000,0x20f20000],  sp=0x20f1f5a0,  free space=509k
Native frames: (J=compiled Java code, j=interpreted, Vv=VM code, C=native code)
C  [ntdll.dll+0x687f1]
C  [ntdll.dll+0x2dfa7]
C  [ntdll.dll+0x2abbf]
C  [MSVCR100.dll+0x10269]
C  [MSVCR100.dll+0x1233b]
C  0x795929dd
C  0x7959557c
C  0x7959ba99
C  0x7959bdcc
j  com.mathworks.util.NativeJava.listFiles(Ljava/lang/String;Lcom/mathworks/util/AsyncReceiver;)Z+0
j  com.mathworks.mlwidgets.explorer.model.realfs.RealFileList.readFilesAndFolders(Lcom/mathworks/util/AsyncReceiver;)V+23
j  com.mathworks.mlwidgets.explorer.model.AbstractFileList.isEmpty()Z+10
j  com.mathworks.mlwidgets.explorer.model.overlayfs.OverlayFileList.isEmpty()Z+4
j  com.mathworks.mlwidgets.explorer.model.vfs.VirtualFileList.isEmpty()Z+4
j  com.mathworks.mlwidgets.explorer.model.table.UiFileList.readAndUpdateCache(ZLcom/mathworks/util/CapturingReceiver;)V+28
j  com.mathworks.mlwidgets.explorer.model.table.UiFileList.access$500(Lcom/mathworks/mlwidgets/explorer/model/table/UiFileList;ZLcom/mathworks/util/CapturingReceiver;)V+3
j  com.mathworks.mlwidgets.explorer.model.table.UiFileList$6.run()V+66
j  com.mathworks.util.RequestQueue.execute()V+65
j  com.mathworks.util.RequestQueue.access$000(Lcom/mathworks/util/RequestQueue;)V+1
j  com.mathworks.util.RequestQueue$2.run()V+4
j  java.lang.Thread.run()V+11
v  ~StubRoutines::call_stub
V  [jvm.dll+0x12a3ba]
V  [jvm.dll+0x1d97de]
V  [jvm.dll+0x12a5a3]
V  [jvm.dll+0x12a607]
V  [jvm.dll+0xd315f]
V  [jvm.dll+0x14a6b7]
V  [jvm.dll+0x14a820]
V  [jvm.dll+0x17f009]
C  [MSVCR100.dll+0x5c556]
C  [MSVCR100.dll+0x5c600]
C  [kernel32.dll+0x8f271]
C  [ntdll.dll+0x7d819]
C  [ntdll.dll+0x7da2b]

Java frames: (J=compiled Java code, j=interpreted, Vv=VM code)
j  com.mathworks.util.NativeJava.listFiles(Ljava/lang/String;Lcom/mathworks/util/AsyncReceiver;)Z+0
j  com.mathworks.mlwidgets.explorer.model.realfs.RealFileList.readFilesAndFolders(Lcom/mathworks/util/AsyncReceiver;)V+23
j  com.mathworks.mlwidgets.explorer.model.AbstractFileList.isEmpty()Z+10
j  com.mathworks.mlwidgets.explorer.model.overlayfs.OverlayFileList.isEmpty()Z+4
j  com.mathworks.mlwidgets.explorer.model.vfs.VirtualFileList.isEmpty()Z+4
j  com.mathworks.mlwidgets.explorer.model.table.UiFileList.readAndUpdateCache(ZLcom/mathworks/util/CapturingReceiver;)V+28
j  com.mathworks.mlwidgets.explorer.model.table.UiFileList.access$500(Lcom/mathworks/mlwidgets/explorer/model/table/UiFileList;ZLcom/mathworks/util/CapturingReceiver;)V+3
j  com.mathworks.mlwidgets.explorer.model.table.UiFileList$6.run()V+66
j  com.mathworks.util.RequestQueue.execute()V+65
j  com.mathworks.util.RequestQueue.access$000(Lcom/mathworks/util/RequestQueue;)V+1
j  com.mathworks.util.RequestQueue$2.run()V+4
j  java.lang.Thread.run()V+11
v  ~StubRoutines::call_stub

---------------  P R O C E S S  ---------------

Java Threads: ( => current thread )
  0x213c7c00 JavaThread "Unnamed RequestAggregator Timer" daemon [_thread_new, id=3756, stack(0x00000000,0x00000000)]
  0x0f665400 JavaThread "Command Window doExecuteCommand" [_thread_blocked, id=2936, stack(0x04e20000,0x04ea0000)]
  0x0f65f800 JavaThread "Prefs Updater" daemon [_thread_blocked, id=4108, stack(0x04ea0000,0x04f20000)]
  0x0f664800 JavaThread "Swing-Shell" daemon [_thread_blocked, id=1660, stack(0x22f80000,0x23000000)]
  0x0f663c00 JavaThread "Code Analyzer updating thread" [_thread_blocked, id=4656, stack(0x22580000,0x22600000)]
  0x0f663800 JavaThread "Code Analyzer updating thread" [_thread_blocked, id=2504, stack(0x224c0000,0x22540000)]
  0x0f663000 JavaThread "Code Analyzer updating thread" [_thread_blocked, id=5028, stack(0x22400000,0x22480000)]
  0x0f662800 JavaThread "Code Analyzer updating thread" [_thread_blocked, id=4388, stack(0x22340000,0x223c0000)]
  0x0f662400 JavaThread "Code Analyzer updating thread" [_thread_blocked, id=3648, stack(0x22280000,0x22300000)]
  0x0f661c00 JavaThread "Active Reference Queue Daemon" daemon [_thread_blocked, id=3248, stack(0x221c0000,0x22240000)]
  0x0f661800 JavaThread "Timer-1" daemon [_thread_blocked, id=3584, stack(0x22100000,0x22180000)]
  0x0f661000 JavaThread "ClipboardMonitor Timer" daemon [_thread_blocked, id=4968, stack(0x21f30000,0x21fb0000)]
=>0x0f660c00 JavaThread "Explorer NavigationContext request queue" daemon [_thread_in_native, id=4028, stack(0x20ea0000,0x20f20000)]
  0x0f660400 JavaThread "AddressBar directory emptiness poller" daemon [_thread_blocked, id=4972, stack(0x20e20000,0x20ea0000)]
  0x0f65fc00 JavaThread "Explorer Refresh Service 8403777" daemon [_thread_blocked, id=2956, stack(0x1f350000,0x1f3d0000)]
  0x0f65f000 JavaThread "TimerQueue" daemon [_thread_blocked, id=1656, stack(0x1e7e0000,0x1e860000)]
  0x0f65ec00 JavaThread "Thread-3" daemon [_thread_blocked, id=4752, stack(0x1e720000,0x1e7a0000)]
  0x0f65e400 JavaThread "FelixPackageAdmin" daemon [_thread_blocked, id=3612, stack(0x1f5d0000,0x1f650000)]
  0x0ba66800 JavaThread "FelixStartLevel" daemon [_thread_blocked, id=4712, stack(0x1f510000,0x1f590000)]
  0x0f5ac400 JavaThread "FelixDispatchQueue" daemon [_thread_blocked, id=4616, stack(0x1f450000,0x1f4d0000)]
  0x0f4b7800 JavaThread "AWT-EventQueue-0" [_thread_blocked, id=5092, stack(0x1f2d0000,0x1f350000)]
  0x0f38d800 JavaThread "com.google.common.base.internal.Finalizer" daemon [_thread_blocked, id=384, stack(0x1e660000,0x1e6e0000)]
  0x0f32d400 JavaThread "AWT-Windows" daemon [_thread_in_native, id=2172, stack(0x1e4e0000,0x1e560000)]
  0x0f32c800 JavaThread "AWT-Shutdown" [_thread_blocked, id=2776, stack(0x1e420000,0x1e4a0000)]
  0x0f32c000 JavaThread "Java2D Disposer" daemon [_thread_blocked, id=5100, stack(0x1e360000,0x1e3e0000)]
  0x0f1a4800 JavaThread "Timer-0" [_thread_blocked, id=1720, stack(0x1e2e0000,0x1e360000)]
  0x0f0a3400 JavaThread "EventMgr Dispatcher" daemon [_thread_in_native, id=3328, stack(0x0f750000,0x0ff50000)]
  0x0b9b1800 JavaThread "Service Thread" daemon [_thread_blocked, id=4728, stack(0x0e650000,0x0e6d0000)]
  0x0b9a9000 JavaThread "C1 CompilerThread0" daemon [_thread_blocked, id=1740, stack(0x0de10000,0x0e610000)]
  0x0b9a7c00 JavaThread "Attach Listener" daemon [_thread_blocked, id=4328, stack(0x0dd50000,0x0ddd0000)]
  0x0b97c800 JavaThread "Finalizer" daemon [_thread_blocked, id=2044, stack(0x0dc90000,0x0dd10000)]
  0x0b977c00 JavaThread "Reference Handler" daemon [_thread_blocked, id=1696, stack(0x0dbd0000,0x0dc50000)]
  0x06386400 JavaThread "main" [_thread_in_native, id=4984, stack(0x00430000,0x00c30000)]

Other Threads:
  0x0b970800 VMThread [stack: 0x0af80000,0x0b780000] [id=2788]
  0x0b9c3800 WatcherThread [stack: 0x0e710000,0x0ef10000] [id=3532]

VM state:synchronizing (normal execution)

VM Mutex/Monitor currently owned by a thread:  ([mutex/lock_event])
[0x063ccaa8] Safepoint_lock - owner thread: 0x0b970800
[0x063ccb10] Threads_lock - owner thread: 0x0b970800

Heap
 def new generation   total 14784K, used 10110K [0x102e0000, 0x112e0000, 0x122e0000)
  eden space 13184K,  72% used [0x102e0000, 0x10c45220, 0x10fc0000)
  from space 1600K,  30% used [0x10fc0000, 0x1103a940, 0x11150000)
  to   space 1600K,   0% used [0x11150000, 0x11150000, 0x112e0000)
 tenured generation   total 49152K, used 42223K [0x122e0000, 0x152e0000, 0x182e0000)
   the space 49152K,  85% used [0x122e0000, 0x14c1bff0, 0x14c1c000, 0x152e0000)
 compacting perm gen  total 35328K, used 35203K [0x182e0000, 0x1a560000, 0x1e2e0000)
   the space 35328K,  99% used [0x182e0000, 0x1a540f10, 0x1a541000, 0x1a560000)
No shared spaces configured.

Card table byte_map: [0x0aec0000,0x0af40000] byte_map_base: 0x0ae3e900

Polling page: 0x06440000

Code Cache  [0x0bb90000, 0x0c0b8000, 0x0db90000)
 total_blobs=3371 nmethods=3077 adapters=227 free_code_cache=27495Kb largest_free_block=28151872

Compilation events (10 events):
Event: 307.501 Thread 0x0b9a9000 nmethod 3136 0x0c0b4f08 code [0x0c0b5010, 0x0c0b50bc]
Event: 307.503 Thread 0x0b9a9000 3137  s          java.awt.DefaultKeyboardFocusManager::discardKeyEvents (160 bytes)
Event: 307.504 Thread 0x0b9a9000 nmethod 3137 0x0c0b5148 code [0x0c0b52c0, 0x0c0b5820]
Event: 307.959 Thread 0x0b9a9000 3138             org.netbeans.editor.DrawGraphics$GraphicsDG::setBuffer (20 bytes)
Event: 307.959 Thread 0x0b9a9000 nmethod 3138 0x0c0b5d08 code [0x0c0b5e00, 0x0c0b5ecc]
Event: 308.914 Thread 0x0b9a9000 3139             com.mathworks.jmi.MatlabPath$PathEntry::getCurrentlyResolvedPath (44 bytes)
Event: 308.914 Thread 0x0b9a9000 nmethod 3139 0x0c0b5f48 code [0x0c0b6070, 0x0c0b61e4]
Event: 309.037 Thread 0x0b9a9000 3140             sun.font.GlyphList::setFromChars (93 bytes)
Event: 309.038 Thread 0x0b9a9000 nmethod 3140 0x0c0b62c8 code [0x0c0b63e0, 0x0c0b6574]
Event: 309.278 Thread 0x0b9a9000 3141             java.lang.ThreadLocal$ThreadLocalMap::<init> (148 bytes)

GC Heap History (10 events):
Event: 243.741 GC heap before
{Heap before GC invocations=77 (full 0):
 def new generation   total 14784K, used 13327K [0x102e0000, 0x112e0000, 0x122e0000)
  eden space 13184K, 100% used [0x102e0000, 0x10fc0000, 0x10fc0000)
  from space 1600K,   8% used [0x11150000, 0x11173ea8, 0x112e0000)
  to   space 1600K,   0% used [0x10fc0000, 0x10fc0000, 0x11150000)
 tenured generation   total 49152K, used 42223K [0x122e0000, 0x152e0000, 0x182e0000)
   the space 49152K,  85% used [0x122e0000, 0x14c1bff0, 0x14c1c000, 0x152e0000)
 compacting perm gen  total 35328K, used 35150K [0x182e0000, 0x1a560000, 0x1e2e0000)
   the space 35328K,  99% used [0x182e0000, 0x1a533878, 0x1a533a00, 0x1a560000)
No shared spaces configured.
Event: 243.746 GC heap after
Heap after GC invocations=78 (full 0):
 def new generation   total 14784K, used 290K [0x102e0000, 0x112e0000, 0x122e0000)
  eden space 13184K,   0% used [0x102e0000, 0x102e0000, 0x10fc0000)
  from space 1600K,  18% used [0x10fc0000, 0x11008ba0, 0x11150000)
  to   space 1600K,   0% used [0x11150000, 0x11150000, 0x112e0000)
 tenured generation   total 49152K, used 42223K [0x122e0000, 0x152e0000, 0x182e0000)
   the space 49152K,  85% used [0x122e0000, 0x14c1bff0, 0x14c1c000, 0x152e0000)
 compacting perm gen  total 35328K, used 35150K [0x182e0000, 0x1a560000, 0x1e2e0000)
   the space 35328K,  99% used [0x182e0000, 0x1a533878, 0x1a533a00, 0x1a560000)
No shared spaces configured.
}
Event: 264.279 GC heap before
{Heap before GC invocations=78 (full 0):
 def new generation   total 14784K, used 13474K [0x102e0000, 0x112e0000, 0x122e0000)
  eden space 13184K, 100% used [0x102e0000, 0x10fc0000, 0x10fc0000)
  from space 1600K,  18% used [0x10fc0000, 0x11008ba0, 0x11150000)
  to   space 1600K,   0% used [0x11150000, 0x11150000, 0x112e0000)
 tenured generation   total 49152K, used 42223K [0x122e0000, 0x152e0000, 0x182e0000)
   the space 49152K,  85% used [0x122e0000, 0x14c1bff0, 0x14c1c000, 0x152e0000)
 compacting perm gen  total 35328K, used 35170K [0x182e0000, 0x1a560000, 0x1e2e0000)
   the space 35328K,  99% used [0x182e0000, 0x1a538900, 0x1a538a00, 0x1a560000)
No shared spaces configured.
Event: 264.286 GC heap after
Heap after GC invocations=79 (full 0):
 def new generation   total 14784K, used 337K [0x102e0000, 0x112e0000, 0x122e0000)
  eden space 13184K,   0% used [0x102e0000, 0x102e0000, 0x10fc0000)
  from space 1600K,  21% used [0x11150000, 0x111a4448, 0x112e0000)
  to   space 1600K,   0% used [0x10fc0000, 0x10fc0000, 0x11150000)
 tenured generation   total 49152K, used 42223K [0x122e0000, 0x152e0000, 0x182e0000)
   the space 49152K,  85% used [0x122e0000, 0x14c1bff0, 0x14c1c000, 0x152e0000)
 compacting perm gen  total 35328K, used 35170K [0x182e0000, 0x1a560000, 0x1e2e0000)
   the space 35328K,  99% used [0x182e0000, 0x1a538900, 0x1a538a00, 0x1a560000)
No shared spaces configured.
}
Event: 277.001 GC heap before
{Heap before GC invocations=79 (full 0):
 def new generation   total 14784K, used 13521K [0x102e0000, 0x112e0000, 0x122e0000)
  eden space 13184K, 100% used [0x102e0000, 0x10fc0000, 0x10fc0000)
  from space 1600K,  21% used [0x11150000, 0x111a4448, 0x112e0000)
  to   space 1600K,   0% used [0x10fc0000, 0x10fc0000, 0x11150000)
 tenured generation   total 49152K, used 42223K [0x122e0000, 0x152e0000, 0x182e0000)
   the space 49152K,  85% used [0x122e0000, 0x14c1bff0, 0x14c1c000, 0x152e0000)
 compacting perm gen  total 35328K, used 35170K [0x182e0000, 0x1a560000, 0x1e2e0000)
   the space 35328K,  99% used [0x182e0000, 0x1a5389b0, 0x1a538a00, 0x1a560000)
No shared spaces configured.
Event: 277.007 GC heap after
Heap after GC invocations=80 (full 0):
 def new generation   total 14784K, used 316K [0x102e0000, 0x112e0000, 0x122e0000)
  eden space 13184K,   0% used [0x102e0000, 0x102e0000, 0x10fc0000)
  from space 1600K,  19% used [0x10fc0000, 0x1100f058, 0x11150000)
  to   space 1600K,   0% used [0x11150000, 0x11150000, 0x112e0000)
 tenured generation   total 49152K, used 42223K [0x122e0000, 0x152e0000, 0x182e0000)
   the space 49152K,  85% used [0x122e0000, 0x14c1bff0, 0x14c1c000, 0x152e0000)
 compacting perm gen  total 35328K, used 35170K [0x182e0000, 0x1a560000, 0x1e2e0000)
   the space 35328K,  99% used [0x182e0000, 0x1a5389b0, 0x1a538a00, 0x1a560000)
No shared spaces configured.
}
Event: 294.278 GC heap before
{Heap before GC invocations=80 (full 0):
 def new generation   total 14784K, used 13500K [0x102e0000, 0x112e0000, 0x122e0000)
  eden space 13184K, 100% used [0x102e0000, 0x10fc0000, 0x10fc0000)
  from space 1600K,  19% used [0x10fc0000, 0x1100f058, 0x11150000)
  to   space 1600K,   0% used [0x11150000, 0x11150000, 0x112e0000)
 tenured generation   total 49152K, used 42223K [0x122e0000, 0x152e0000, 0x182e0000)
   the space 49152K,  85% used [0x122e0000, 0x14c1bff0, 0x14c1c000, 0x152e0000)
 compacting perm gen  total 35328K, used 35195K [0x182e0000, 0x1a560000, 0x1e2e0000)
   the space 35328K,  99% used [0x182e0000, 0x1a53ee60, 0x1a53f000, 0x1a560000)
No shared spaces configured.
Event: 294.285 GC heap after
Heap after GC invocations=81 (full 0):
 def new generation   total 14784K, used 408K [0x102e0000, 0x112e0000, 0x122e0000)
  eden space 13184K,   0% used [0x102e0000, 0x102e0000, 0x10fc0000)
  from space 1600K,  25% used [0x11150000, 0x111b61e0, 0x112e0000)
  to   space 1600K,   0% used [0x10fc0000, 0x10fc0000, 0x11150000)
 tenured generation   total 49152K, used 42223K [0x122e0000, 0x152e0000, 0x182e0000)
   the space 49152K,  85% used [0x122e0000, 0x14c1bff0, 0x14c1c000, 0x152e0000)
 compacting perm gen  total 35328K, used 35195K [0x182e0000, 0x1a560000, 0x1e2e0000)
   the space 35328K,  99% used [0x182e0000, 0x1a53ee60, 0x1a53f000, 0x1a560000)
No shared spaces configured.
}
Event: 307.468 GC heap before
{Heap before GC invocations=81 (full 0):
 def new generation   total 14784K, used 13592K [0x102e0000, 0x112e0000, 0x122e0000)
  eden space 13184K, 100% used [0x102e0000, 0x10fc0000, 0x10fc0000)
  from space 1600K,  25% used [0x11150000, 0x111b61e0, 0x112e0000)
  to   space 1600K,   0% used [0x10fc0000, 0x10fc0000, 0x11150000)
 tenured generation   total 49152K, used 42223K [0x122e0000, 0x152e0000, 0x182e0000)
   the space 49152K,  85% used [0x122e0000, 0x14c1bff0, 0x14c1c000, 0x152e0000)
 compacting perm gen  total 35328K, used 35197K [0x182e0000, 0x1a560000, 0x1e2e0000)
   the space 35328K,  99% used [0x182e0000, 0x1a53f610, 0x1a53f800, 0x1a560000)
No shared spaces configured.
Event: 307.473 GC heap after
Heap after GC invocations=82 (full 0):
 def new generation   total 14784K, used 490K [0x102e0000, 0x112e0000, 0x122e0000)
  eden space 13184K,   0% used [0x102e0000, 0x102e0000, 0x10fc0000)
  from space 1600K,  30% used [0x10fc0000, 0x1103a940, 0x11150000)
  to   space 1600K,   0% used [0x11150000, 0x11150000, 0x112e0000)
 tenured generation   total 49152K, used 42223K [0x122e0000, 0x152e0000, 0x182e0000)
   the space 49152K,  85% used [0x122e0000, 0x14c1bff0, 0x14c1c000, 0x152e0000)
 compacting perm gen  total 35328K, used 35197K [0x182e0000, 0x1a560000, 0x1e2e0000)
   the space 35328K,  99% used [0x182e0000, 0x1a53f610, 0x1a53f800, 0x1a560000)
No shared spaces configured.
}

Deoptimization events (0 events):
No events

Internal exceptions (10 events):
Event: 309.143 Thread 0x06386400 Threw 0x10ba91f0 at C:\jdk7u1_32P\jdk7u11\hotspot\src\share\vm\prims\jvm.cpp:1166
Event: 309.143 Thread 0x06386400 Threw 0x10bb2158 at C:\jdk7u1_32P\jdk7u11\hotspot\src\share\vm\prims\jvm.cpp:1166
Event: 309.143 Thread 0x06386400 Threw 0x10bb2688 at C:\jdk7u1_32P\jdk7u11\hotspot\src\share\vm\prims\jvm.cpp:1166
Event: 309.144 Thread 0x06386400 Threw 0x10bbb618 at C:\jdk7u1_32P\jdk7u11\hotspot\src\share\vm\prims\jvm.cpp:1166
Event: 309.144 Thread 0x06386400 Threw 0x10bbbab0 at C:\jdk7u1_32P\jdk7u11\hotspot\src\share\vm\prims\jvm.cpp:1166
Event: 309.144 Thread 0x06386400 Threw 0x10bc39f0 at C:\jdk7u1_32P\jdk7u11\hotspot\src\share\vm\prims\jvm.cpp:1166
Event: 309.144 Thread 0x06386400 Threw 0x10bc3cb8 at C:\jdk7u1_32P\jdk7u11\hotspot\src\share\vm\prims\jvm.cpp:1166
Event: 309.144 Thread 0x06386400 Threw 0x10bcbc10 at C:\jdk7u1_32P\jdk7u11\hotspot\src\share\vm\prims\jvm.cpp:1166
Event: 309.144 Thread 0x06386400 Threw 0x10bcbff0 at C:\jdk7u1_32P\jdk7u11\hotspot\src\share\vm\prims\jvm.cpp:1166
Event: 309.144 Thread 0x06386400 Threw 0x10bd3f30 at C:\jdk7u1_32P\jdk7u11\hotspot\src\share\vm\prims\jvm.cpp:1166

Events (10 events):
Event: 309.143 loading class 0x21dcf9a8 done
Event: 309.143 loading class 0x21dcf9a8
Event: 309.143 loading class 0x21dcf9a8 done
Event: 309.144 loading class 0x21dcfbe8
Event: 309.144 loading class 0x21dcfbe8 done
Event: 309.144 loading class 0x21dcfbe8
Event: 309.144 loading class 0x21dcfbe8 done
Event: 309.144 loading class 0x21dcfbe8
Event: 309.144 loading class 0x21dcfbe8 done
Event: 309.278 Thread 0x213c7c00 Thread added: 0x213c7c00


Dynamic libraries:
0x00400000 - 0x00426000 	C:\Program Files (x86)\MATLAB\R2013b\bin\win32\matlab.exe
0x77980000 - 0x77ae0000 	C:\Windows\SysWOW64\ntdll.dll
0x75940000 - 0x75a50000 	C:\Windows\syswow64\kernel32.dll
0x10000000 - 0x102db000 	C:\Program Files (x86)\MATLAB\R2013b\bin\win32\libmwservices.dll
0x7dec0000 - 0x7df65000 	C:\Program Files (x86)\MATLAB\R2013b\bin\win32\libmwi18n.dll
0x7deb0000 - 0x7debb000 	C:\Program Files (x86)\MATLAB\R2013b\bin\win32\libmwresource_core.dll
0x74380000 - 0x743e9000 	C:\Program Files (x86)\MATLAB\R2013b\bin\win32\MSVCP100.dll
0x73cd0000 - 0x73d8f000 	C:\Program Files (x86)\MATLAB\R2013b\bin\win32\MSVCR100.dll
0x744e0000 - 0x744ec000 	C:\Program Files (x86)\MATLAB\R2013b\bin\win32\boost_date_time-vc100-mt-1_49.dll
0x74350000 - 0x74375000 	C:\Program Files (x86)\MATLAB\R2013b\bin\win32\boost_filesystem-vc100-mt-1_49.dll
0x74340000 - 0x74347000 	C:\Program Files (x86)\MATLAB\R2013b\bin\win32\boost_system-vc100-mt-1_49.dll
0x76910000 - 0x769d6000 	C:\Windows\syswow64\ADVAPI32.dll
0x76dd0000 - 0x76ec0000 	C:\Windows\syswow64\RPCRT4.dll
0x754a0000 - 0x75500000 	C:\Windows\syswow64\Secur32.dll
0x74310000 - 0x74331000 	C:\Program Files (x86)\MATLAB\R2013b\bin\win32\LIBEXPAT.dll
0x7dce0000 - 0x7de29000 	C:\Program Files (x86)\MATLAB\R2013b\bin\win32\icuin49.dll
0x7dbd0000 - 0x7dcd7000 	C:\Program Files (x86)\MATLAB\R2013b\bin\win32\icuuc49.dll
0x66940000 - 0x67a62000 	C:\Program Files (x86)\MATLAB\R2013b\bin\win32\icudt49.dll
0x7dbc0000 - 0x7dbcd000 	C:\Program Files (x86)\MATLAB\R2013b\bin\win32\icuio49.dll
0x000c0000 - 0x00155000 	C:\Program Files (x86)\MATLAB\R2013b\bin\win32\libut.dll
0x7da60000 - 0x7dbb7000 	C:\Program Files (x86)\MATLAB\R2013b\bin\win32\libmwfl.dll
0x01580000 - 0x018c5000 	C:\Program Files (x86)\MATLAB\R2013b\bin\win32\libmwMATLAB_res.dll
0x73b40000 - 0x73bf4000 	C:\Program Files (x86)\MATLAB\R2013b\bin\win32\boost_regex-vc100-mt-1_49.dll
0x769f0000 - 0x76ac0000 	C:\Windows\syswow64\USER32.dll
0x76f20000 - 0x76fb0000 	C:\Windows\syswow64\GDI32.dll
0x74300000 - 0x7430e000 	C:\Program Files (x86)\MATLAB\R2013b\bin\win32\boost_signals-vc100-mt-1_49.dll
0x742f0000 - 0x742fe000 	C:\Program Files (x86)\MATLAB\R2013b\bin\win32\boost_thread-vc100-mt-1_49.dll
0x73a40000 - 0x73ab4000 	C:\Program Files (x86)\MATLAB\R2013b\bin\win32\boost_log-vc100-mt-1_49.dll
0x76900000 - 0x76907000 	C:\Windows\syswow64\PSAPI.DLL
0x76c10000 - 0x76c3d000 	C:\Windows\syswow64\WS2_32.dll
0x75d20000 - 0x75dca000 	C:\Windows\syswow64\msvcrt.dll
0x75dd0000 - 0x75dd6000 	C:\Windows\syswow64\NSI.dll
0x74020000 - 0x74048000 	C:\Program Files (x86)\MATLAB\R2013b\bin\win32\tbb.dll
0x76fb0000 - 0x76fda000 	C:\Windows\syswow64\imagehlp.dll
0x72fb0000 - 0x72fca000 	C:\Windows\system32\POWRPROF.dll
0x7d250000 - 0x7d317000 	C:\Program Files (x86)\MATLAB\R2013b\bin\win32\libmx.dll
0x74000000 - 0x74018000 	C:\Program Files (x86)\MATLAB\R2013b\bin\win32\tbbmalloc.dll
0x73cb0000 - 0x73cc4000 	C:\Program Files (x86)\MATLAB\R2013b\bin\win32\zlib1.dll
0x7d1f0000 - 0x7d22e000 	C:\Program Files (x86)\MATLAB\R2013b\bin\win32\libmwregexp.dll
0x7d1b0000 - 0x7d1e8000 	C:\Program Files (x86)\MATLAB\R2013b\bin\win32\mpath.dll
0x018d0000 - 0x01e1e000 	C:\Program Files (x86)\MATLAB\R2013b\bin\win32\mlutil.dll
0x7cc50000 - 0x7ccb2000 	C:\Program Files (x86)\MATLAB\R2013b\bin\win32\xmlcore.dll
0x71e90000 - 0x72050000 	C:\Program Files (x86)\MATLAB\R2013b\bin\win32\xerces-c_2_7.dll
0x7ca70000 - 0x7ca91000 	C:\Program Files (x86)\MATLAB\R2013b\bin\win32\libmwMATLAB_settings_res.dll
0x742e0000 - 0x742ed000 	C:\Program Files (x86)\MATLAB\R2013b\bin\win32\boost_iostreams-vc100-mt-1_49.dll
0x73b00000 - 0x73b3e000 	C:\Program Files (x86)\MATLAB\R2013b\bin\win32\boost_serialization-vc100-mt-1_49.dll
0x75de0000 - 0x768f1000 	C:\Windows\syswow64\SHELL32.dll
0x76ec0000 - 0x76f19000 	C:\Windows\syswow64\SHLWAPI.dll
0x7ca10000 - 0x7ca15000 	C:\Program Files (x86)\MATLAB\R2013b\bin\win32\libmwnativedisplay.dll
0x6ffb0000 - 0x6ffed000 	C:\Program Files (x86)\MATLAB\R2013b\bin\win32\opccore.dll
0x6fee0000 - 0x6ff8e000 	C:\Program Files (x86)\MATLAB\R2013b\bin\win32\opcmodel.dll
0x6feb0000 - 0x6fed3000 	C:\Program Files (x86)\MATLAB\R2013b\bin\win32\opczippackage.dll
0x741d0000 - 0x741dd000 	C:\Program Files (x86)\MATLAB\R2013b\bin\win32\libminizip.dll
0x6fd70000 - 0x6fdc1000 	C:\Program Files (x86)\MATLAB\R2013b\bin\win32\opcmwservices.dll
0x74890000 - 0x74915000 	C:\Windows\WinSxS\x86_microsoft.windows.common-controls_6595b64144ccf1df_5.82.6002.18305_none_88f3a38569c2c436\COMCTL32.dll
0x75500000 - 0x75573000 	C:\Windows\syswow64\COMDLG32.dll
0x74550000 - 0x745c6000 	C:\Windows\system32\NETAPI32.dll
0x75a50000 - 0x75b95000 	C:\Windows\syswow64\ole32.dll
0x75610000 - 0x7569d000 	C:\Windows\syswow64\OLEAUT32.dll
0x7c980000 - 0x7ca0a000 	C:\Program Files (x86)\MATLAB\R2013b\bin\win32\mcr.dll
0x01e20000 - 0x021b8000 	C:\Program Files (x86)\MATLAB\R2013b\bin\win32\iqm.dll
0x00270000 - 0x002fd000 	C:\Program Files (x86)\MATLAB\R2013b\bin\win32\m_dispatcher.dll
0x021c0000 - 0x02706000 	C:\Program Files (x86)\MATLAB\R2013b\bin\win32\m_interpreter.dll
0x7bef0000 - 0x7bf0c000 	C:\Program Files (x86)\MATLAB\R2013b\bin\win32\libmex.dll
0x7be90000 - 0x7bef0000 	C:\Program Files (x86)\MATLAB\R2013b\bin\win32\profiler.dll
0x7bc20000 - 0x7bd6e000 	C:\Program Files (x86)\MATLAB\R2013b\bin\win32\libmwmathutil.dll
0x00170000 - 0x00191000 	C:\Program Files (x86)\MATLAB\R2013b\bin\win32\libmwmathrng.dll
0x7bbf0000 - 0x7bbfe000 	C:\Program Files (x86)\MATLAB\R2013b\bin\win32\libmwmfl_rng.dll
0x00300000 - 0x003cf000 	C:\Program Files (x86)\MATLAB\R2013b\bin\win32\libmwmathcore.dll
0x7baf0000 - 0x7bb38000 	C:\Program Files (x86)\MATLAB\R2013b\bin\win32\libmwspmatrix.dll
0x02710000 - 0x028c8000 	C:\Program Files (x86)\MATLAB\R2013b\bin\win32\mcos.dll
0x7b8b0000 - 0x7b8fa000 	C:\Program Files (x86)\MATLAB\R2013b\bin\win32\libmwcholmod.dll
0x7b8a0000 - 0x7b8a9000 	C:\Program Files (x86)\MATLAB\R2013b\bin\win32\libmwamd.dll
0x7b890000 - 0x7b899000 	C:\Program Files (x86)\MATLAB\R2013b\bin\win32\libmwcolamd.dll
0x7b880000 - 0x7b88b000 	C:\Program Files (x86)\MATLAB\R2013b\bin\win32\libmwblas.dll
0x7b860000 - 0x7b871000 	C:\Program Files (x86)\MATLAB\R2013b\bin\win32\libmwbinder.dll
0x7b850000 - 0x7b859000 	C:\Program Files (x86)\MATLAB\R2013b\bin\win32\libmwompwrapper.dll
0x7b810000 - 0x7b844000 	C:\Program Files (x86)\MATLAB\R2013b\bin\win32\libmwlapack.dll
0x7b7f0000 - 0x7b807000 	C:\Program Files (x86)\MATLAB\R2013b\bin\win32\m_pcodeio.dll
0x7b7a0000 - 0x7b7e9000 	C:\Program Files (x86)\MATLAB\R2013b\bin\win32\m_ir.dll
0x028d0000 - 0x02e6c000 	C:\Program Files (x86)\MATLAB\R2013b\bin\win32\m_parser.dll
0x7b1f0000 - 0x7b201000 	C:\Program Files (x86)\MATLAB\R2013b\bin\win32\ir_xfmr.dll
0x7b1e0000 - 0x7b1ee000 	C:\Program Files (x86)\MATLAB\R2013b\bin\win32\mtok.dll
0x7b1b0000 - 0x7b1d1000 	C:\Program Files (x86)\MATLAB\R2013b\bin\win32\m_pcodegen.dll
0x7b180000 - 0x7b1a7000 	C:\Program Files (x86)\MATLAB\R2013b\bin\win32\libmwbridge.dll
0x7b0e0000 - 0x7b171000 	C:\Program Files (x86)\MATLAB\R2013b\bin\win32\udd.dll
0x7afc0000 - 0x7b0da000 	C:\Program Files (x86)\MATLAB\R2013b\bin\win32\libmwgui.dll
0x7afa0000 - 0x7afc0000 	C:\Program Files (x86)\MATLAB\R2013b\bin\win32\graphics_util.dll
0x73980000 - 0x73a32000 	C:\Program Files (x86)\MATLAB\R2013b\bin\win32\libtex_base.dll
0x7a790000 - 0x7aef3000 	C:\Program Files (x86)\MATLAB\R2013b\bin\win32\hg.dll
0x7a740000 - 0x7a789000 	C:\Program Files (x86)\MATLAB\R2013b\bin\win32\libmat.dll
0x02e70000 - 0x03059000 	C:\Program Files (x86)\MATLAB\R2013b\bin\win32\hdf5dll.dll
0x7a4a0000 - 0x7a547000 	C:\Program Files (x86)\MATLAB\R2013b\bin\win32\jmi.dll
0x7a490000 - 0x7a49c000 	C:\Program Files (x86)\MATLAB\R2013b\bin\win32\nativejava_services.dll
0x7a450000 - 0x7a484000 	C:\Program Files (x86)\MATLAB\R2013b\bin\win32\libmwhardcopy.dll
0x7a400000 - 0x7a448000 	C:\Program Files (x86)\MATLAB\R2013b\bin\win32\libuij.dll
0x7a220000 - 0x7a3c4000 	C:\Program Files (x86)\MATLAB\R2013b\bin\win32\hgdatatypes.dll
0x00c30000 - 0x00d0d000 	C:\Program Files (x86)\MATLAB\R2013b\bin\win32\hgutils.dll
0x7a0d0000 - 0x7a159000 	C:\Program Files (x86)\MATLAB\R2013b\bin\win32\udd_mi.dll
0x7a0a0000 - 0x7a0cd000 	C:\Program Files (x86)\MATLAB\R2013b\bin\win32\libmwgbtutils.dll
0x7a090000 - 0x7a0a0000 	C:\Program Files (x86)\MATLAB\R2013b\bin\win32\libmwgbt.dll
0x03060000 - 0x03307000 	C:\Program Files (x86)\MATLAB\R2013b\bin\win32\uiw.dll
0x79dd0000 - 0x79dd8000 	C:\Program Files (x86)\MATLAB\R2013b\bin\win32\uinone.dll
0x001b0000 - 0x001d3000 	C:\Program Files (x86)\MATLAB\R2013b\bin\win32\libmwnativedialogs.dll
0x79da0000 - 0x79da9000 	C:\Program Files (x86)\MATLAB\R2013b\bin\win32\libmwplatform_res.dll
0x74920000 - 0x74934000 	C:\Windows\system32\MPR.dll
0x71a50000 - 0x71e88000 	C:\Program Files (x86)\MATLAB\R2013b\bin\win32\mfc100.dll
0x74500000 - 0x74505000 	C:\Windows\system32\MSIMG32.dll
0x74720000 - 0x74762000 	C:\Windows\system32\WINSPOOL.DRV
0x79d80000 - 0x79d96000 	C:\Program Files (x86)\MATLAB\R2013b\bin\win32\mwoles05.DLL
0x79d20000 - 0x79d73000 	C:\Program Files (x86)\MATLAB\R2013b\bin\win32\comcli.dll
0x73c80000 - 0x73ca6000 	C:\Program Files (x86)\MATLAB\R2013b\bin\win32\ATL100.DLL
0x79d10000 - 0x79d1a000 	C:\Program Files (x86)\MATLAB\R2013b\bin\win32\mlautoregister.dll
0x03310000 - 0x03465000 	C:\Program Files (x86)\MATLAB\R2013b\bin\win32\mvm.dll
0x75cc0000 - 0x75d20000 	C:\Windows\system32\IMM32.DLL
0x76ac0000 - 0x76b88000 	C:\Windows\syswow64\MSCTF.dll
0x77950000 - 0x77959000 	C:\Windows\syswow64\LPK.DLL
0x76b90000 - 0x76c0d000 	C:\Windows\syswow64\USP10.dll
0x74d10000 - 0x74eae000 	C:\Windows\WinSxS\x86_microsoft.windows.common-controls_6595b64144ccf1df_6.0.6002.18305_none_5cb72f2a088b0ed3\comctl32.dll
0x74260000 - 0x742e0000 	C:\Windows\system32\UxTheme.dll
0x740e0000 - 0x740ec000 	C:\Windows\system32\dwmapi.dll
0x73fd0000 - 0x73fe0000 	C:\Program Files (x86)\MATLAB\R2013b\bin\win32\MFC100FRA.DLL
0x04d60000 - 0x04db8000 	C:\Program Files (x86)\MATLAB\R2013b\bin\win32\MVMLocal.dll
0x74c30000 - 0x74d0c000 	C:\Windows\syswow64\dbghelp.dll
0x71470000 - 0x717bc000 	C:\Program Files (x86)\MATLAB\R2013b\sys\java\jre\win32\jre\bin\client\jvm.dll
0x74f80000 - 0x74f87000 	C:\Windows\system32\WSOCK32.dll
0x74510000 - 0x74542000 	C:\Windows\system32\WINMM.dll
0x74f20000 - 0x74f5e000 	C:\Windows\system32\OLEACC.dll

VM Arguments:
jvm_args: -Xss512k -XX:PermSize=32m -Xms64m -XX:NewRatio=3 -XX:MaxPermSize=96m -Xmx128m -XX:MaxDirectMemorySize=1200000000 -Dsun.java2d.noddraw=true -Dsun.awt.nopixfmt=true -Xshare:off -Xrs -XX:-UseSplitVerifier -Djava.library.path=C:\Program Files (x86)\MATLAB\R2013b\bin\win32;C:\Program Files (x86)\MATLAB\R2013b\sys\jxbrowser\win32\lib vfprintf abort -Duser.language=fr -Duser.country=FR 
java_command: <unknown>
Launcher Type: generic

Environment Variables:
PATH=C:\Program Files (x86)\MATLAB\R2013b\bin\win32;C:\Program Files (x86)\MATLAB\R2013b\bin\win32;C:\Windows\system32;C:\Windows;C:\Windows\System32\Wbem;C:\Program Files (x86)\Common Files\Roxio Shared\DLLShared\;C:\Program Files (x86)\Common Files\Roxio Shared\10.0\DLLShared\;C:\Program Files (x86)\MATLAB\R2013b\bin;C:\Program Files\MATLAB\R2013a\bin;C:\Windows\System32\WindowsPowerShell\v1.0\;C:\XLSTAT2012;C:\Program Files\MATLAB\MATLAB Compiler Runtime\v80\runtime\win64
USERNAME=administrateur
OS=Windows_NT
PROCESSOR_IDENTIFIER=Intel64 Family 6 Model 26 Stepping 5, GenuineIntel



---------------  S Y S T E M  ---------------

OS: Windows Vista , 64 bit Build 6002 Service Pack 2

CPU:total 4 (4 cores per cpu, 2 threads per core) family 6 model 26 stepping 5, cmov, cx8, fxsr, mmx, sse, sse2, sse3, ssse3, sse4.1, sse4.2, popcnt, ht, tsc, tscinvbit, tscinv

Memory: 4k page, physical 6273356k(2921736k free), swap 12726360k(9571932k free)

vm_info: Java HotSpot(TM) Client VM (23.6-b04) for windows-x86 JRE (1.7.0_11-b21), built on Jan 12 2013 02:19:22 by "java_re" with unknown MS VC++:1600

time: Wed Oct 02 17:10:48 2013
elapsed time: 309 seconds

